<?xml version="1.0" encoding="UTF-8"?>
<!-- Generated by org.testng.reporters.JUnitReportReporter -->
<testsuite hostname="ROBERTH" failures="0" tests="1" name="Test.LoginTest3" time="10.512" errors="0" timestamp="2020-08-07T12:47:32 PET" skipped="0">
  <testcase classname="Test.LoginTest3" name="Login" time="10.512"/>
  <system-out/>
</testsuite> <!-- Test.LoginTest3 -->
